#-----------------------------------------------------------
# Vivado v2018.3 (64-bit)
# SW Build 2405991 on Thu Dec  6 23:38:27 MST 2018
# IP Build 2404404 on Fri Dec  7 01:43:56 MST 2018
# Start of session at: Thu Nov 14 17:11:00 2024
# Process ID: 21664
# Current directory: C:/Users/22140/Desktop/Verilogs/graycoder
# Command line: vivado.exe -gui_launcher_event rodinguilauncherevent10636 C:\Users\22140\Desktop\Verilogs\graycoder\graycoder.xpr
# Log file: C:/Users/22140/Desktop/Verilogs/graycoder/vivado.log
# Journal file: C:/Users/22140/Desktop/Verilogs/graycoder\vivado.jou
#-----------------------------------------------------------
start_gui
open_project C:/Users/22140/Desktop/Verilogs/graycoder/graycoder.xpr
INFO: [Project 1-313] Project file moved from 'C:/Users/22140/Desktop/graycoder' since last save.
Scanning sources...
Finished scanning sources
INFO: [IP_Flow 19-234] Refreshing IP repositories
INFO: [IP_Flow 19-1704] No user IP repositories specified
INFO: [IP_Flow 19-2313] Loaded Vivado IP repository 'C:/D/DEVELOP/Xilinx/Vivado/2018.3/data/ip'.
update_compile_order -fileset sources_1
exit
INFO: [Common 17-206] Exiting Vivado at Thu Nov 14 17:36:59 2024...
